  unity_IAIK8VU70AFONZE3.cpp
C:\Users\tore\source\TitanSouls_MockUp\AR41Editor\Include\Scene\StartingRuinSceneInfo.cpp(346,32): warning C4244: '인수': 'double'에서 'float'(으)로 변환하면서 데이터가 손실될 수 있습니다.
C:\Users\tore\source\TitanSouls_MockUp\AR41Editor\Include\Scene\StartingRuinSceneInfo.cpp(367,30): warning C4244: '인수': 'double'에서 'float'(으)로 변환하면서 데이터가 손실될 수 있습니다.
C:\Users\tore\source\TitanSouls_MockUp\AR41Editor\Include\GameObject\Player.cpp(1302): warning C4172: 지역 변수 또는 임시: stdState의 주소를 반환하고 있습니다.
C:\Users\tore\source\TitanSouls_MockUp\Engine\Include\Animation\Animation2D.h(89): warning C4172: 지역 변수 또는 임시의 주소를 반환하고 있습니다.
DirectXTex_Debug.lib(DirectXTexImage.obj) : warning LNK4099: 'DirectXTex.pdb' PDB를 'DirectXTex_Debug.lib(DirectXTexImage.obj)' 또는 'C:\Users\tore\source\TitanSouls_MockUp\AR41Editor\Bin\DirectXTex.pdb'에서 찾을 수 없습니다. 디버그 정보가 없는 것처럼 개체를 링크합니다.
DirectXTex_Debug.lib(DirectXTexDDS.obj) : warning LNK4099: 'DirectXTex.pdb' PDB를 'DirectXTex_Debug.lib(DirectXTexDDS.obj)' 또는 'C:\Users\tore\source\TitanSouls_MockUp\AR41Editor\Bin\DirectXTex.pdb'에서 찾을 수 없습니다. 디버그 정보가 없는 것처럼 개체를 링크합니다.
DirectXTex_Debug.lib(DirectXTexTGA.obj) : warning LNK4099: 'DirectXTex.pdb' PDB를 'DirectXTex_Debug.lib(DirectXTexTGA.obj)' 또는 'C:\Users\tore\source\TitanSouls_MockUp\AR41Editor\Bin\DirectXTex.pdb'에서 찾을 수 없습니다. 디버그 정보가 없는 것처럼 개체를 링크합니다.
DirectXTex_Debug.lib(DirectXTexWIC.obj) : warning LNK4099: 'DirectXTex.pdb' PDB를 'DirectXTex_Debug.lib(DirectXTexWIC.obj)' 또는 'C:\Users\tore\source\TitanSouls_MockUp\AR41Editor\Bin\DirectXTex.pdb'에서 찾을 수 없습니다. 디버그 정보가 없는 것처럼 개체를 링크합니다.
DirectXTex_Debug.lib(DirectXTexD3D11.obj) : warning LNK4099: 'DirectXTex.pdb' PDB를 'DirectXTex_Debug.lib(DirectXTexD3D11.obj)' 또는 'C:\Users\tore\source\TitanSouls_MockUp\AR41Editor\Bin\DirectXTex.pdb'에서 찾을 수 없습니다. 디버그 정보가 없는 것처럼 개체를 링크합니다.
DirectXTex_Debug.lib(DirectXTexUtil.obj) : warning LNK4099: 'DirectXTex.pdb' PDB를 'DirectXTex_Debug.lib(DirectXTexUtil.obj)' 또는 'C:\Users\tore\source\TitanSouls_MockUp\AR41Editor\Bin\DirectXTex.pdb'에서 찾을 수 없습니다. 디버그 정보가 없는 것처럼 개체를 링크합니다.
DirectXTex_Debug.lib(DirectXTexConvert.obj) : warning LNK4099: 'DirectXTex.pdb' PDB를 'DirectXTex_Debug.lib(DirectXTexConvert.obj)' 또는 'C:\Users\tore\source\TitanSouls_MockUp\AR41Editor\Bin\DirectXTex.pdb'에서 찾을 수 없습니다. 디버그 정보가 없는 것처럼 개체를 링크합니다.
DirectXTex_Debug.lib(DirectXTexCompress.obj) : warning LNK4099: 'DirectXTex.pdb' PDB를 'DirectXTex_Debug.lib(DirectXTexCompress.obj)' 또는 'C:\Users\tore\source\TitanSouls_MockUp\AR41Editor\Bin\DirectXTex.pdb'에서 찾을 수 없습니다. 디버그 정보가 없는 것처럼 개체를 링크합니다.
DirectXTex_Debug.lib(DirectXTexMipMaps.obj) : warning LNK4099: 'DirectXTex.pdb' PDB를 'DirectXTex_Debug.lib(DirectXTexMipMaps.obj)' 또는 'C:\Users\tore\source\TitanSouls_MockUp\AR41Editor\Bin\DirectXTex.pdb'에서 찾을 수 없습니다. 디버그 정보가 없는 것처럼 개체를 링크합니다.
DirectXTex_Debug.lib(BC.obj) : warning LNK4099: 'DirectXTex.pdb' PDB를 'DirectXTex_Debug.lib(BC.obj)' 또는 'C:\Users\tore\source\TitanSouls_MockUp\AR41Editor\Bin\DirectXTex.pdb'에서 찾을 수 없습니다. 디버그 정보가 없는 것처럼 개체를 링크합니다.
DirectXTex_Debug.lib(BC4BC5.obj) : warning LNK4099: 'DirectXTex.pdb' PDB를 'DirectXTex_Debug.lib(BC4BC5.obj)' 또는 'C:\Users\tore\source\TitanSouls_MockUp\AR41Editor\Bin\DirectXTex.pdb'에서 찾을 수 없습니다. 디버그 정보가 없는 것처럼 개체를 링크합니다.
DirectXTex_Debug.lib(BC6HBC7.obj) : warning LNK4099: 'DirectXTex.pdb' PDB를 'DirectXTex_Debug.lib(BC6HBC7.obj)' 또는 'C:\Users\tore\source\TitanSouls_MockUp\AR41Editor\Bin\DirectXTex.pdb'에서 찾을 수 없습니다. 디버그 정보가 없는 것처럼 개체를 링크합니다.
  AR41Editor.vcxproj -> C:\Users\tore\source\TitanSouls_MockUp\AR41Editor\Bin\AR41Editor_Debug.exe
  .\AR41Editor\Include\GameObject\Player.cpp
  1개 파일이 복사되었습니다.
  0개 파일이 복사되었습니다.
  0개 파일이 복사되었습니다.
  0개 파일이 복사되었습니다.
  .\AR41Editor\Bin\AR41Editor_Debug.exe
  1개 파일이 복사되었습니다.
