c:\parklecture\ar41dx\ar41editor\binobjdebug\vc143.pdb
c:\parklecture\ar41dx\ar41editor\binobjdebug\vc143.idb
c:\parklecture\ar41dx\ar41editor\binobjdebug\transformwindow.obj
c:\parklecture\ar41dx\ar41editor\binobjdebug\testwindow.obj
c:\parklecture\ar41dx\ar41editor\binobjdebug\scenewindow.obj
c:\parklecture\ar41dx\ar41editor\binobjdebug\objectwindow.obj
c:\parklecture\ar41dx\ar41editor\binobjdebug\detailwindow.obj
c:\parklecture\ar41dx\ar41editor\binobjdebug\componentwindow.obj
c:\parklecture\ar41dx\ar41editor\binobjdebug\classwindow.obj
c:\parklecture\ar41dx\ar41editor\binobjdebug\startsceneui.obj
c:\parklecture\ar41dx\ar41editor\binobjdebug\enginesharesetting.obj
c:\parklecture\ar41dx\ar41editor\binobjdebug\defaultsetting.obj
c:\parklecture\ar41dx\ar41editor\binobjdebug\editordefaultscene.obj
c:\parklecture\ar41dx\ar41editor\binobjdebug\main.obj
c:\parklecture\ar41dx\ar41editor\binobjdebug\player2d.obj
c:\parklecture\ar41dx\ar41editor\binobjdebug\monster.obj
c:\parklecture\ar41dx\ar41editor\binobjdebug\bullet.obj
c:\parklecture\ar41dx\ar41editor\binobjdebug\editormanager.obj
c:\parklecture\ar41dx\ar41editor\binobjdebug\resourcewindow.obj
c:\parklecture\ar41dx\ar41editor\binobjdebug\animation2dwindow.obj
c:\parklecture\ar41dx\ar41editor\binobjdebug\targetarmwidgetlist.obj
c:\parklecture\ar41dx\ar41editor\binobjdebug\spritecomponentwidgetlist.obj
c:\parklecture\ar41dx\ar41editor\binobjdebug\scenecomponentwidgetlist.obj
c:\parklecture\ar41dx\ar41editor\binobjdebug\componentwidgetlist.obj
c:\parklecture\ar41dx\ar41editor\binobjdebug\camerawidgetlist.obj
c:\parklecture\ar41dx\ar41editor\binobjdebug\primitivewidgetlist.obj
c:\parklecture\ar41dx\ar41editor\bin\ar41editor_debug.exe
c:\parklecture\ar41dx\ar41editor\binobjdebug\ar41editor_debug.ilk
c:\parklecture\ar41dx\ar41editor\bin\ar41editor_debug.pdb
c:\parklecture\ar41dx\ar41editor\binobjdebug\ar41editor.res
c:\parklecture\ar41dx\ar41editor\binobjdebug\../bin/ar41editor_debug.pdb
c:\parklecture\ar41dx\ar41editor\binobjdebug\../binobjdebug/ar41editor.vcxproj.filelistabsolute.txt
c:\parklecture\ar41dx\ar41editor\binobjdebug\ar41editor.tlog\cl.command.1.tlog
c:\parklecture\ar41dx\ar41editor\binobjdebug\ar41editor.tlog\cl.read.1.tlog
c:\parklecture\ar41dx\ar41editor\binobjdebug\ar41editor.tlog\cl.write.1.tlog
c:\parklecture\ar41dx\ar41editor\binobjdebug\ar41editor.tlog\link.command.1.tlog
c:\parklecture\ar41dx\ar41editor\binobjdebug\ar41editor.tlog\link.read.1.tlog
c:\parklecture\ar41dx\ar41editor\binobjdebug\ar41editor.tlog\link.write.1.tlog
c:\parklecture\ar41dx\ar41editor\binobjdebug\ar41editor.tlog\rc.command.1.tlog
c:\parklecture\ar41dx\ar41editor\binobjdebug\ar41editor.tlog\rc.read.1.tlog
c:\parklecture\ar41dx\ar41editor\binobjdebug\ar41editor.tlog\rc.write.1.tlog
