c:\users\tore\source\titansouls_mockup\client2d\binobjdebug\vc143.pdb
c:\users\tore\source\titansouls_mockup\client2d\binobjdebug\vc143.idb
c:\users\tore\source\titansouls_mockup\client2d\binobjdebug\unity_zvveyoolp6eyfgmm.obj
c:\users\tore\source\titansouls_mockup\client2d\binobjdebug\client2d.res
c:\users\tore\source\titansouls_mockup\client2d\binobjdebug\bullet.obj
c:\users\tore\source\titansouls_mockup\client2d\binobjdebug\clientmanager.obj
c:\users\tore\source\titansouls_mockup\client2d\binobjdebug\defaultsetting.obj
c:\users\tore\source\titansouls_mockup\client2d\binobjdebug\enginesharesetting.obj
c:\users\tore\source\titansouls_mockup\client2d\binobjdebug\loadingsceneinfo.obj
c:\users\tore\source\titansouls_mockup\client2d\binobjdebug\loadingui.obj
c:\users\tore\source\titansouls_mockup\client2d\binobjdebug\main.obj
c:\users\tore\source\titansouls_mockup\client2d\binobjdebug\mainsceneinfo.obj
c:\users\tore\source\titansouls_mockup\client2d\binobjdebug\monster.obj
c:\users\tore\source\titansouls_mockup\client2d\binobjdebug\player2d.obj
c:\users\tore\source\titansouls_mockup\client2d\binobjdebug\startsceneui.obj
c:\users\tore\source\titansouls_mockup\client2d\binobjdebug\unity_k3xispmuw5dpnl0y.obj
c:\users\tore\source\titansouls_mockup\client2d\binobjdebug\vc142.idb
c:\users\tore\source\titansouls_mockup\client2d\binobjdebug\vc142.pdb
c:\users\tore\source\titansouls_mockup\client2d\binobjdebug\../bin/client2d_debug.pdb
c:\users\tore\source\titansouls_mockup\client2d\binobjdebug\../bin/client2d_debug.ilk
c:\users\tore\source\titansouls_mockup\client2d\binobjdebug\../binobjdebug/client2d.vcxproj.filelistabsolute.txt
c:\users\tore\source\titansouls_mockup\client2d\binobjdebug\client2d.tlog\cl.command.1.tlog
c:\users\tore\source\titansouls_mockup\client2d\binobjdebug\client2d.tlog\cl.read.1.tlog
c:\users\tore\source\titansouls_mockup\client2d\binobjdebug\client2d.tlog\cl.write.1.tlog
c:\users\tore\source\titansouls_mockup\client2d\binobjdebug\client2d.tlog\link-cvtres.read.1.tlog
c:\users\tore\source\titansouls_mockup\client2d\binobjdebug\client2d.tlog\link-cvtres.write.1.tlog
c:\users\tore\source\titansouls_mockup\client2d\binobjdebug\client2d.tlog\link-rc.read.1.tlog
c:\users\tore\source\titansouls_mockup\client2d\binobjdebug\client2d.tlog\link-rc.write.1.tlog
c:\users\tore\source\titansouls_mockup\client2d\binobjdebug\client2d.tlog\link.5460-cvtres.read.1.tlog
c:\users\tore\source\titansouls_mockup\client2d\binobjdebug\client2d.tlog\link.5460-cvtres.write.1.tlog
c:\users\tore\source\titansouls_mockup\client2d\binobjdebug\client2d.tlog\link.5460-rc.read.1.tlog
c:\users\tore\source\titansouls_mockup\client2d\binobjdebug\client2d.tlog\link.5460-rc.write.1.tlog
c:\users\tore\source\titansouls_mockup\client2d\binobjdebug\client2d.tlog\link.5460.read.1.tlog
c:\users\tore\source\titansouls_mockup\client2d\binobjdebug\client2d.tlog\link.5460.read.2.tlog
c:\users\tore\source\titansouls_mockup\client2d\binobjdebug\client2d.tlog\link.5460.write.1.tlog
c:\users\tore\source\titansouls_mockup\client2d\binobjdebug\client2d.tlog\link.command.1.tlog
c:\users\tore\source\titansouls_mockup\client2d\binobjdebug\client2d.tlog\link.read.1.tlog
c:\users\tore\source\titansouls_mockup\client2d\binobjdebug\client2d.tlog\link.read.2.tlog
c:\users\tore\source\titansouls_mockup\client2d\binobjdebug\client2d.tlog\link.write.1.tlog
c:\users\tore\source\titansouls_mockup\client2d\binobjdebug\client2d.tlog\rc.command.1.tlog
c:\users\tore\source\titansouls_mockup\client2d\binobjdebug\client2d.tlog\rc.read.1.tlog
c:\users\tore\source\titansouls_mockup\client2d\binobjdebug\client2d.tlog\rc.write.1.tlog
