c:\users\tore\source\titansouls_mockup\client2d\binobj\vc143.pdb
c:\users\tore\source\titansouls_mockup\client2d\binobj\unity_zvveyoolp6eyfgmm.obj
c:\users\tore\source\titansouls_mockup\client2d\binobj\client2d.res
c:\users\tore\source\titansouls_mockup\client2d\binobj\bullet.obj
c:\users\tore\source\titansouls_mockup\client2d\binobj\clientmanager.obj
c:\users\tore\source\titansouls_mockup\client2d\binobj\defaultsetting.obj
c:\users\tore\source\titansouls_mockup\client2d\binobj\enginesharesetting.obj
c:\users\tore\source\titansouls_mockup\client2d\binobj\loadingsceneinfo.obj
c:\users\tore\source\titansouls_mockup\client2d\binobj\loadingui.obj
c:\users\tore\source\titansouls_mockup\client2d\binobj\main.obj
c:\users\tore\source\titansouls_mockup\client2d\binobj\mainsceneinfo.obj
c:\users\tore\source\titansouls_mockup\client2d\binobj\monster.obj
c:\users\tore\source\titansouls_mockup\client2d\binobj\player2d.obj
c:\users\tore\source\titansouls_mockup\client2d\binobj\startsceneui.obj
c:\users\tore\source\titansouls_mockup\client2d\binobj\client2d.ipdb
c:\users\tore\source\titansouls_mockup\client2d\binobj\client2d.iobj
c:\users\tore\source\titansouls_mockup\client2d\binobj\../bin/client2d.pdb
c:\users\tore\source\titansouls_mockup\client2d\binobj\../binobj/client2d.vcxproj.filelistabsolute.txt
c:\users\tore\source\titansouls_mockup\client2d\binobj\client2d.tlog\cl.command.1.tlog
c:\users\tore\source\titansouls_mockup\client2d\binobj\client2d.tlog\cl.read.1.tlog
c:\users\tore\source\titansouls_mockup\client2d\binobj\client2d.tlog\cl.write.1.tlog
c:\users\tore\source\titansouls_mockup\client2d\binobj\client2d.tlog\link.command.1.tlog
c:\users\tore\source\titansouls_mockup\client2d\binobj\client2d.tlog\link.read.1.tlog
c:\users\tore\source\titansouls_mockup\client2d\binobj\client2d.tlog\link.write.1.tlog
c:\users\tore\source\titansouls_mockup\client2d\binobj\client2d.tlog\rc.command.1.tlog
c:\users\tore\source\titansouls_mockup\client2d\binobj\client2d.tlog\rc.read.1.tlog
c:\users\tore\source\titansouls_mockup\client2d\binobj\client2d.tlog\rc.write.1.tlog
