  unity_IAIK8VU70AFONZE3.cpp
C:\Users\tore\source\TitanSouls_MockUp\AR41Editor\Include\Scene\StartingRuinSceneInfo.cpp(346,32): warning C4244: '인수': 'double'에서 'float'(으)로 변환하면서 데이터가 손실될 수 있습니다.
C:\Users\tore\source\TitanSouls_MockUp\AR41Editor\Include\Scene\StartingRuinSceneInfo.cpp(367,30): warning C4244: '인수': 'double'에서 'float'(으)로 변환하면서 데이터가 손실될 수 있습니다.
  코드를 생성하고 있습니다.
  1 of 14763 functions (<0.1%) were compiled, the rest were copied from previous compilation.
    0 functions were new in current compilation
    36 functions had inline decision re-evaluated but remain unchanged
  코드를 생성했습니다.
DirectXTex.lib(DirectXTexD3D11.obj) : warning LNK4099: 'DirectXTex.pdb' PDB를 'DirectXTex.lib(DirectXTexD3D11.obj)' 또는 'C:\Users\tore\source\TitanSouls_MockUp\AR41Editor\Bin\DirectXTex.pdb'에서 찾을 수 없습니다. 디버그 정보가 없는 것처럼 개체를 링크합니다.
DirectXTex.lib(DirectXTexDDS.obj) : warning LNK4099: 'DirectXTex.pdb' PDB를 'DirectXTex.lib(DirectXTexDDS.obj)' 또는 'C:\Users\tore\source\TitanSouls_MockUp\AR41Editor\Bin\DirectXTex.pdb'에서 찾을 수 없습니다. 디버그 정보가 없는 것처럼 개체를 링크합니다.
DirectXTex.lib(DirectXTexTGA.obj) : warning LNK4099: 'DirectXTex.pdb' PDB를 'DirectXTex.lib(DirectXTexTGA.obj)' 또는 'C:\Users\tore\source\TitanSouls_MockUp\AR41Editor\Bin\DirectXTex.pdb'에서 찾을 수 없습니다. 디버그 정보가 없는 것처럼 개체를 링크합니다.
DirectXTex.lib(DirectXTexWIC.obj) : warning LNK4099: 'DirectXTex.pdb' PDB를 'DirectXTex.lib(DirectXTexWIC.obj)' 또는 'C:\Users\tore\source\TitanSouls_MockUp\AR41Editor\Bin\DirectXTex.pdb'에서 찾을 수 없습니다. 디버그 정보가 없는 것처럼 개체를 링크합니다.
DirectXTex.lib(DirectXTexImage.obj) : warning LNK4099: 'DirectXTex.pdb' PDB를 'DirectXTex.lib(DirectXTexImage.obj)' 또는 'C:\Users\tore\source\TitanSouls_MockUp\AR41Editor\Bin\DirectXTex.pdb'에서 찾을 수 없습니다. 디버그 정보가 없는 것처럼 개체를 링크합니다.
DirectXTex.lib(DirectXTexUtil.obj) : warning LNK4099: 'DirectXTex.pdb' PDB를 'DirectXTex.lib(DirectXTexUtil.obj)' 또는 'C:\Users\tore\source\TitanSouls_MockUp\AR41Editor\Bin\DirectXTex.pdb'에서 찾을 수 없습니다. 디버그 정보가 없는 것처럼 개체를 링크합니다.
DirectXTex.lib(DirectXTexConvert.obj) : warning LNK4099: 'DirectXTex.pdb' PDB를 'DirectXTex.lib(DirectXTexConvert.obj)' 또는 'C:\Users\tore\source\TitanSouls_MockUp\AR41Editor\Bin\DirectXTex.pdb'에서 찾을 수 없습니다. 디버그 정보가 없는 것처럼 개체를 링크합니다.
DirectXTex.lib(DirectXTexCompress.obj) : warning LNK4099: 'DirectXTex.pdb' PDB를 'DirectXTex.lib(DirectXTexCompress.obj)' 또는 'C:\Users\tore\source\TitanSouls_MockUp\AR41Editor\Bin\DirectXTex.pdb'에서 찾을 수 없습니다. 디버그 정보가 없는 것처럼 개체를 링크합니다.
DirectXTex.lib(DirectXTexMipMaps.obj) : warning LNK4099: 'DirectXTex.pdb' PDB를 'DirectXTex.lib(DirectXTexMipMaps.obj)' 또는 'C:\Users\tore\source\TitanSouls_MockUp\AR41Editor\Bin\DirectXTex.pdb'에서 찾을 수 없습니다. 디버그 정보가 없는 것처럼 개체를 링크합니다.
DirectXTex.lib(BC.obj) : warning LNK4099: 'DirectXTex.pdb' PDB를 'DirectXTex.lib(BC.obj)' 또는 'C:\Users\tore\source\TitanSouls_MockUp\AR41Editor\Bin\DirectXTex.pdb'에서 찾을 수 없습니다. 디버그 정보가 없는 것처럼 개체를 링크합니다.
DirectXTex.lib(BC4BC5.obj) : warning LNK4099: 'DirectXTex.pdb' PDB를 'DirectXTex.lib(BC4BC5.obj)' 또는 'C:\Users\tore\source\TitanSouls_MockUp\AR41Editor\Bin\DirectXTex.pdb'에서 찾을 수 없습니다. 디버그 정보가 없는 것처럼 개체를 링크합니다.
DirectXTex.lib(BC6HBC7.obj) : warning LNK4099: 'DirectXTex.pdb' PDB를 'DirectXTex.lib(BC6HBC7.obj)' 또는 'C:\Users\tore\source\TitanSouls_MockUp\AR41Editor\Bin\DirectXTex.pdb'에서 찾을 수 없습니다. 디버그 정보가 없는 것처럼 개체를 링크합니다.
  AR41Editor.vcxproj -> C:\Users\tore\source\TitanSouls_MockUp\AR41Editor\Bin\AR41Editor.exe
  .\AR41Editor\Include\GameObject\Player.cpp
  1개 파일이 복사되었습니다.
  0개 파일이 복사되었습니다.
  0개 파일이 복사되었습니다.
  0개 파일이 복사되었습니다.
  .\AR41Editor\Bin\AR41Editor.exe
  1개 파일이 복사되었습니다.
